<?xml version="1.0" encoding="utf-8"?><testsuites name="pytest tests"><testsuite name="pytest" errors="0" failures="0" skipped="0" tests="78" time="20.876" timestamp="2026-09-18T05:56:34.170247+08:00" hostname="DESKTOP-8BFCAT1"><testcase classname="tests.test_auth" name="test_security_chain[VIEWER-/api/cs/feedback/list-GET-403]" time="0.048" /><testcase classname="tests.test_auth" name="test_security_chain[VIEWER-/api/concept-POST-403]" time="0.034" /><testcase classname="tests.test_auth" name="test_security_chain[VIEWER-/api/cs/ask-POST-200]" time="0.034" /><testcase classname="tests.test_auth" name="test_security_chain[EDITOR-/api/missing-POST-404]" time="0.035" /><testcase classname="tests.test_auth" name="test_security_chain[VIEWER-/api/missing-GET-404]" time="0.039" /><testcase classname="tests.test_auth" name="test_unauthenticated" time="0.034" /><testcase classname="tests.test_auth" name="test_login_and_me" time="0.693" /><testcase classname="tests.test_auth" name="test_validation_error" time="0.034" /><testcase classname="tests.test_clinical_semantic" name="test_configured_clinical_rules[ZY20260812002-RULE-QC-001]" time="0.403" /><testcase classname="tests.test_clinical_semantic" name="test_configured_clinical_rules[ZY20260802011-RULE-QC-002]" time="0.412" /><testcase classname="tests.test_clinical_semantic" name="test_configured_clinical_rules[ZY20260822007-RULE-QC-003]" time="0.349" /><testcase classname="tests.test_clinical_semantic" name="test_configured_clinical_rules[ZY20260828010-RULE-QC-004]" time="0.343" /><testcase classname="tests.test_clinical_semantic" name="test_configured_clinical_rules[ZY202682000013-RULE-QC-005]" time="0.290" /><testcase classname="tests.test_clinical_semantic" name="test_configured_clinical_rules[ZY20260822007-RULE-QC-006]" time="0.329" /><testcase classname="tests.test_clinical_semantic" name="test_configured_clinical_rules[ZY20260805006-RULE-QC-007]" time="0.383" /><testcase classname="tests.test_clinical_semantic" name="test_configured_clinical_rules[ZY20260728012-RULE-QC-008]" time="0.264" /><testcase classname="tests.test_clinical_semantic" name="test_qc_totals_and_runtime_rule" time="4.619" /><testcase classname="tests.test_clinical_semantic" name="test_alert_idempotency" time="0.292" /><testcase classname="tests.test_concept_service" name="test_lifecycle_and_reference_guard" time="0.015" /><testcase classname="tests.test_concept_service" name="test_multiple_parents_and_cycles" time="0.018" /><testcase classname="tests.test_core" name="test_java_hash_utf16" time="0.000" /><testcase classname="tests.test_core" name="test_crypto" time="0.001" /><testcase classname="tests.test_core" name="test_checksum_and_sql_quotes" time="0.000" /><testcase classname="tests.test_core" name="test_original_resources_identical" time="0.004" /><testcase classname="tests.test_core" name="test_transitions[DRAFT-REVIEW]" time="0.000" /><testcase classname="tests.test_core" name="test_transitions[REVIEW-DRAFT]" time="0.000" /><testcase classname="tests.test_core" name="test_transitions[REVIEW-PUBLISHED]" time="0.000" /><testcase classname="tests.test_core" name="test_transitions[PUBLISHED-DEPRECATED]" time="0.001" /><testcase classname="tests.test_core" name="test_transitions[DEPRECATED-DRAFT]" time="0.001" /><testcase classname="tests.test_core" name="test_invalid_transition" time="0.001" /><testcase classname="tests.test_core" name="test_dao_partial_update_and_rollback" time="0.010" /><testcase classname="tests.test_core" name="test_serialization" time="0.000" /><testcase classname="tests.test_core" name="test_loaded_entity_null_update_uses_mybatis_not_null" time="0.008" /><testcase classname="tests.test_cs_service" name="test_diagnosis_reuse" time="0.287" /><testcase classname="tests.test_cs_service" name="test_refund_action_and_duplicate_guard" time="0.260" /><testcase classname="tests.test_cs_service" name="test_product_writes_survive_platform_rollback" time="0.245" /><testcase classname="tests.test_cs_service" name="test_customer_service_intents[\u6ca1\u7f34\u8d39\u53ef\u4ee5\u53d1\u836f\u5417\uff1f-\u7f34\u8d39\u53d1\u836f\u53cc\u5411\u6838\u5bf9]" time="0.095" /><testcase classname="tests.test_cs_service" name="test_customer_service_intents[\u4e00\u4e2a\u533b\u5631\u53ef\u4ee5\u5206\u5f00\u53d1\u836f\u5417\uff1f-\u5206\u6b21\u53d1\u836f\u6838\u5bf9]" time="0.076" /><testcase classname="tests.test_cs_service" name="test_customer_service_intents[\u53d1\u836f\u540e\u53ef\u4ee5\u90e8\u5206\u9000\u836f\u5417-\u9000\u836f\u6838\u5bf9]" time="0.046" /><testcase classname="tests.test_cs_service" name="test_customer_service_intents[\u4eca\u5929\u5929\u6c14\u600e\u4e48\u6837-\u80fd\u529b\u5f15\u5bfc]" time="0.001" /><testcase classname="tests.test_cs_service" name="test_analytics_referral_and_metric_card" time="0.032" /><testcase classname="tests.test_cs_service" name="test_feedback_enriches_prompt" time="0.009" /><testcase classname="tests.test_flow_service" name="test_patient_pagination_and_complete_chain" time="2.536" /><testcase classname="tests.test_flow_service" name="test_overdose_rejected" time="1.829" /><testcase classname="tests.test_gov_service" name="test_governance_fault_and_stock" time="1.695" /><testcase classname="tests.test_metric_monitor" name="test_monitor_and_impact" time="0.187" /><testcase classname="tests.test_modeling_elements" name="test_state_machine[RuleService-ruleCode]" time="0.009" /><testcase classname="tests.test_modeling_elements" name="test_state_machine[ActionService-actionCode]" time="0.011" /><testcase classname="tests.test_modeling_elements" name="test_publish_blockers_and_force" time="0.018" /><testcase classname="tests.test_modeling_elements" name="test_closure_shortest_paths_capped" time="0.030" /><testcase classname="tests.test_modeling_elements" name="test_publish_rolls_back_closure_on_insert_failure" time="0.015" /><testcase classname="tests.test_opd_flow" name="test_opd_pagination_and_chain" time="1.051" /><testcase classname="tests.test_opd_flow" name="test_auto_ticket_idempotency" time="0.077" /><testcase classname="tests.test_owl_import" name="test_preview_execute_idempotent" time="0.029" /><testcase classname="tests.test_owl_import" name="test_key_taken_does_not_overwrite" time="0.017" /><testcase classname="tests.test_owl_import" name="test_codes" time="0.000" /><testcase classname="tests.test_rca_engine" name="test_seven_step_planted_fault" time="0.213" /><testcase classname="tests.test_rdf_service" name="test_mask_name" time="0.000" /><testcase classname="tests.test_rdf_service" name="test_shacl_sparql_allergy_constraint" time="0.192" /><testcase classname="tests.test_rdf_service" name="test_all_six_shapes_on_real_demo" time="3.079" /><testcase classname="tests.test_rdf_service" name="test_every_shape_executes" time="0.065" /><testcase classname="tests.test_semantic_qa_service" name="test_java_valid_queries[SELECT item_name, amount FROM fee_detail WHERE fee_status = '1']" time="0.005" /><testcase classname="tests.test_semantic_qa_service" name="test_java_valid_queries[SELECT item_name FROM fee_detail WHERE item_name = 'x; DROP TABLE fee_detail--']" time="0.001" /><testcase classname="tests.test_semantic_qa_service" name="test_java_valid_queries[SELECT item_name FROM fee_detail -- WHERE 1=1; DELETE FROM fee_detail]" time="0.000" /><testcase classname="tests.test_semantic_qa_service" name="test_java_valid_queries[SELECT o.order_id, o.create_time FROM medical_order o WHERE o.order_status = '2']" time="0.000" /><testcase classname="tests.test_semantic_qa_service" name="test_java_valid_queries[SELECT fee_status, COUNT(*) cnt, SUM(amount) total FROM fee_detail GROUP BY fee_status ORDER BY total DESC]" time="0.000" /><testcase classname="tests.test_semantic_qa_service" name="test_java_valid_queries[SELECT f.item_name, f.amount FROM fee_detail f JOIN medical_order o ON f.order_id = o.order_id WHERE o.order_status = '2' AND f.fee_status = '1']" time="0.001" /><testcase classname="tests.test_semantic_qa_service" name="test_java_valid_queries[SELECT `item_name` FROM `fee_detail` WHERE `fee_status` = '1']" time="0.000" /><testcase classname="tests.test_semantic_qa_service" name="test_java_rejected_queries[DELETE FROM fee_detail]" time="0.000" /><testcase classname="tests.test_semantic_qa_service" name="test_java_rejected_queries[UPDATE fee_detail SET amount = 0]" time="0.001" /><testcase classname="tests.test_semantic_qa_service" name="test_java_rejected_queries[SELECT amount FROM fee_detail; DROP TABLE fee_detail]" time="0.000" /><testcase classname="tests.test_semantic_qa_service" name="test_java_rejected_queries[SELECT amount INTO OUTFILE '/tmp/x' FROM fee_detail]" time="0.001" /><testcase classname="tests.test_semantic_qa_service" name="test_java_rejected_queries[SELECT * FROM user_passwords]" time="0.001" /><testcase classname="tests.test_semantic_qa_service" name="test_java_rejected_queries[SELECT secret_col FROM fee_detail]" time="0.000" /><testcase classname="tests.test_semantic_qa_service" name="test_java_rejected_queries[SELECT item_name, secret_col FROM fee_detail]" time="0.001" /><testcase classname="tests.test_semantic_qa_service" name="test_java_rejected_queries[SELECT item_name FROM fee_detail WHERE secret_col = '1']" time="0.001" /><testcase classname="tests.test_semantic_qa_service" name="test_java_rejected_queries[SELECT f.secret_col FROM fee_detail f]" time="0.001" /><testcase classname="tests.test_semantic_qa_service" name="test_java_limit_clamping" time="0.000" /></testsuite></testsuites>